[12:53:30] [main/INFO]: Setting user: Player73
[12:53:32] [Client thread/INFO]: LWJGL Version: 2.9.1
[12:53:37] [Client thread/INFO]: Reloading ResourceManager: Default, FMLFileResourcePack:Forge Mod Loader, FMLFileResourcePack:Minecraft Forge, FMLFileResourcePack:Qunatum
[12:53:38] [Sound Library Loader/INFO]: Sound engine started
[12:53:40] [Client thread/INFO]: Created: 512x256 textures/blocks-atlas
[12:53:40] [Client thread/INFO]: Created: 256x256 textures/items-atlas
[12:53:40] [Client thread/INFO]: Reloading ResourceManager: Default, FMLFileResourcePack:Forge Mod Loader, FMLFileResourcePack:Minecraft Forge, FMLFileResourcePack:Qunatum
[12:53:40] [Client thread/INFO]: Created: 256x256 textures/items-atlas
[12:53:40] [Client thread/INFO]: Created: 512x256 textures/blocks-atlas
[12:53:41] [Sound Library Loader/INFO]: Sound engine started
[12:53:47] [Server thread/INFO]: Starting integrated minecraft server version 1.7.10
[12:53:47] [Server thread/INFO]: Generating keypair
[12:53:48] [Server thread/INFO]: Preparing start region for level 0
[12:53:49] [Server thread/INFO]: Preparing spawn area: 88%
[12:53:49] [Server thread/INFO]: Changing view distance to 12, from 10
[12:53:50] [Server thread/INFO]: Player73[local:E:f877dab1] logged in with entity id 274 at (-453.862110224888, 68.72887694689432, 280.2416144751355)
[12:53:50] [Server thread/INFO]: Player73 joined the game
[12:53:53] [Server thread/INFO]: Player73 has just earned the achievement [Taking Inventory]
[12:53:53] [Client thread/INFO]: [CHAT] Player73 has just earned the achievement [Taking Inventory]
[12:54:09] [Server thread/INFO]: Saving and pausing game...
[12:54:09] [Server thread/INFO]: Saving chunks for level 'Test1'/Overworld
[12:54:09] [Server thread/INFO]: Saving chunks for level 'Test1'/Nether
[12:54:09] [Server thread/INFO]: Saving chunks for level 'Test1'/The End
[12:54:10] [Server thread/INFO]: Stopping server
[12:54:10] [Server thread/INFO]: Saving players
[12:54:10] [Server thread/INFO]: Saving worlds
[12:54:10] [Server thread/INFO]: Saving chunks for level 'Test1'/Overworld
[12:54:10] [Server thread/INFO]: Saving chunks for level 'Test1'/Nether
[12:54:10] [Server thread/INFO]: Saving chunks for level 'Test1'/The End
[12:54:12] [Client thread/INFO]: Stopping!
